  Dane_Osobowe.cpp
  MyForm.cpp
C:\Users\IvanSn\source\repos\PrRej\PrRej\MyFormOpt.h(304,22): warning C4566: character represented by universal-character-name '\u0105' cannot be represented in the current code page (1251)
C:\Users\IvanSn\source\repos\PrRej\PrRej\MyFormOpt.h(310,22): warning C4566: character represented by universal-character-name '\u0142' cannot be represented in the current code page (1251)
C:\Users\IvanSn\source\repos\PrRej\PrRej\MyFormOpt.h(310,22): warning C4566: character represented by universal-character-name '\u015B' cannot be represented in the current code page (1251)
C:\Users\IvanSn\source\repos\PrRej\PrRej\MyFormOpt.h(310,22): warning C4566: character represented by universal-character-name '\u0107' cannot be represented in the current code page (1251)
C:\Users\IvanSn\source\repos\PrRej\PrRej\MyFormOpt.h(328,22): warning C4566: character represented by universal-character-name '\u015B' cannot be represented in the current code page (1251)
C:\Users\IvanSn\source\repos\PrRej\PrRej\MyFormOpt.h(328,22): warning C4566: character represented by universal-character-name '\u0107' cannot be represented in the current code page (1251)
C:\Users\IvanSn\source\repos\PrRej\PrRej\MyFormOpt.h(346,22): warning C4566: character represented by universal-character-name '\u0144' cannot be represented in the current code page (1251)
C:\Users\IvanSn\source\repos\PrRej\PrRej\MyFormOpt.h(352,22): warning C4566: character represented by universal-character-name '\u0105' cannot be represented in the current code page (1251)
C:\Users\IvanSn\source\repos\PrRej\PrRej\MyFormOpt.h(352,22): warning C4566: character represented by universal-character-name '\u017C' cannot be represented in the current code page (1251)
C:\Users\IvanSn\source\repos\PrRej\PrRej\MyFormOpt.h(352,22): warning C4566: character represented by universal-character-name '\u00F3' cannot be represented in the current code page (1251)
C:\Users\IvanSn\source\repos\PrRej\PrRej\MyFormOpt.h(352,22): warning C4566: character represented by universal-character-name '\u0142' cannot be represented in the current code page (1251)
C:\Program Files (x86)\Microsoft Visual Studio\2019\Community\VC\Tools\MSVC\14.29.30133\include\array(594,1): error C2728: '_Ty': a native array cannot contain this type
          with
          [
              _Ty=System::String ^
          ]
C:\Program Files (x86)\Microsoft Visual Studio\2019\Community\VC\Tools\MSVC\14.29.30133\include\array(594,1): message : Did you mean 'array<_Ty>'?
          with
          [
              _Ty=System::String ^
          ]
C:\Users\IvanSn\source\repos\PrRej\PrRej\MyForm.cpp(9): message : see reference to class template instantiation 'std::array<System::String ^,1>' being compiled
C:\Program Files (x86)\Microsoft Visual Studio\2019\Community\VC\Tools\MSVC\14.29.30133\include\array(594,1): error C3265: cannot declare a managed '_Elems' in an unmanaged 'std::array<System::String ^,1>'
C:\Program Files (x86)\Microsoft Visual Studio\2019\Community\VC\Tools\MSVC\14.29.30133\include\array(594,1): message : may not declare a global or static variable, or a member of a native type that refers to objects in the gc heap
  MyFormAdres.cpp
  MyFormOpt.cpp
C:\Users\IvanSn\source\repos\PrRej\PrRej\MyFormOpt.h(304,22): warning C4566: character represented by universal-character-name '\u0105' cannot be represented in the current code page (1251)
C:\Users\IvanSn\source\repos\PrRej\PrRej\MyFormOpt.h(310,22): warning C4566: character represented by universal-character-name '\u0142' cannot be represented in the current code page (1251)
C:\Users\IvanSn\source\repos\PrRej\PrRej\MyFormOpt.h(310,22): warning C4566: character represented by universal-character-name '\u015B' cannot be represented in the current code page (1251)
C:\Users\IvanSn\source\repos\PrRej\PrRej\MyFormOpt.h(310,22): warning C4566: character represented by universal-character-name '\u0107' cannot be represented in the current code page (1251)
C:\Users\IvanSn\source\repos\PrRej\PrRej\MyFormOpt.h(328,22): warning C4566: character represented by universal-character-name '\u015B' cannot be represented in the current code page (1251)
C:\Users\IvanSn\source\repos\PrRej\PrRej\MyFormOpt.h(328,22): warning C4566: character represented by universal-character-name '\u0107' cannot be represented in the current code page (1251)
C:\Users\IvanSn\source\repos\PrRej\PrRej\MyFormOpt.h(346,22): warning C4566: character represented by universal-character-name '\u0144' cannot be represented in the current code page (1251)
C:\Users\IvanSn\source\repos\PrRej\PrRej\MyFormOpt.h(352,22): warning C4566: character represented by universal-character-name '\u0105' cannot be represented in the current code page (1251)
C:\Users\IvanSn\source\repos\PrRej\PrRej\MyFormOpt.h(352,22): warning C4566: character represented by universal-character-name '\u017C' cannot be represented in the current code page (1251)
C:\Users\IvanSn\source\repos\PrRej\PrRej\MyFormOpt.h(352,22): warning C4566: character represented by universal-character-name '\u00F3' cannot be represented in the current code page (1251)
C:\Users\IvanSn\source\repos\PrRej\PrRej\MyFormOpt.h(352,22): warning C4566: character represented by universal-character-name '\u0142' cannot be represented in the current code page (1251)
  MyFormPeselUA.cpp
  regs.cpp
C:\Program Files (x86)\Microsoft Visual Studio\2019\Community\VC\Tools\MSVC\14.29.30133\include\msclr\marshal.h(216,62): error C4996: 'msclr::interop::error_reporting_helper<_To_Type,_From_Type,false>::marshal_as': This conversion is not supported by the library or the header file needed for this conversion is not included.  Please refer to the documentation on 'How to: Extend the Marshaling Library' for adding your own marshaling method.
          with
          [
              _To_Type=std::string,
              _From_Type=_From_adjusted
          ]
C:\Program Files (x86)\Microsoft Visual Studio\2019\Community\VC\Tools\MSVC\14.29.30133\include\msclr\marshal.h(255): message : see reference to function template instantiation '_To_Type msclr::interop::_Marshal_as_impl<_To_Type,_From_Type>(std::false_type,const _From_Type &)' being compiled
          with
          [
              _To_Type=std::string,
              _From_Type=_From_adjusted
          ]
C:\Program Files (x86)\Microsoft Visual Studio\2019\Community\VC\Tools\MSVC\14.29.30133\include\msclr\marshal.h(376): message : see reference to function template instantiation '_To_Type msclr::interop::marshal_as<_To_Type,_From_Type>(const _From_Type &)' being compiled
          with
          [
              _To_Type=std::string,
              _From_Type=_From_adjusted
          ]
C:\Program Files (x86)\Microsoft Visual Studio\2019\Community\VC\Tools\MSVC\14.29.30133\include\msclr\marshal.h(374): message : while compiling class template member function '_To_Type msclr::interop::marshal_context::internal_marshaler<_To_Type,_From_adjusted,false>::marshal_as(const _From_Type &,System::Collections::Generic::LinkedList<System::Object ^> %)'
          with
          [
              _To_Type=std::string,
              _From_Type=_From_adjusted
          ]
C:\Program Files (x86)\Microsoft Visual Studio\2019\Community\VC\Tools\MSVC\14.29.30133\include\msclr\marshal.h(391): message : see reference to function template instantiation '_To_Type msclr::interop::marshal_context::internal_marshaler<_To_Type,_From_adjusted,false>::marshal_as(const _From_Type &,System::Collections::Generic::LinkedList<System::Object ^> %)' being compiled
          with
          [
              _To_Type=std::string,
              _From_Type=_From_adjusted
          ]
C:\Program Files (x86)\Microsoft Visual Studio\2019\Community\VC\Tools\MSVC\14.29.30133\include\msclr\marshal.h(391): message : see reference to class template instantiation 'msclr::interop::marshal_context::internal_marshaler<_To_Type,_From_adjusted,false>' being compiled
          with
          [
              _To_Type=std::string
          ]
C:\Users\IvanSn\source\repos\PrRej\PrRej\regs.cpp(34): message : see reference to function template instantiation '_To_Type msclr::interop::marshal_context::marshal_as<std::string,std::string>(const _From_Type &)' being compiled
          with
          [
              _To_Type=std::string,
              _From_Type=std::string
          ]
C:\Program Files (x86)\Microsoft Visual Studio\2019\Community\VC\Tools\MSVC\14.29.30133\include\msclr\marshal.h(198,32): error C2065: '_This_conversion_is_not_supported': undeclared identifier
C:\Program Files (x86)\Microsoft Visual Studio\2019\Community\VC\Tools\MSVC\14.29.30133\include\msclr\marshal.h(197): message : while compiling class template member function '_To_Type msclr::interop::error_reporting_helper<_To_Type,_From_Type,false>::marshal_as(const _From_Type &)'
          with
          [
              _To_Type=std::string,
              _From_Type=_From_adjusted
          ]
C:\Program Files (x86)\Microsoft Visual Studio\2019\Community\VC\Tools\MSVC\14.29.30133\include\msclr\marshal.h(216): message : see reference to function template instantiation '_To_Type msclr::interop::error_reporting_helper<_To_Type,_From_Type,false>::marshal_as(const _From_Type &)' being compiled
          with
          [
              _To_Type=std::string,
              _From_Type=_From_adjusted
          ]
C:\Program Files (x86)\Microsoft Visual Studio\2019\Community\VC\Tools\MSVC\14.29.30133\include\msclr\marshal.h(216): message : see reference to class template instantiation 'msclr::interop::error_reporting_helper<_To_Type,_From_Type,false>' being compiled
          with
          [
              _To_Type=std::string,
              _From_Type=_From_adjusted
          ]
C:\Program Files (x86)\Microsoft Visual Studio\2019\Community\VC\Tools\MSVC\14.29.30133\include\msclr\marshal.h(255): message : see reference to function template instantiation '_To_Type msclr::interop::_Marshal_as_impl<_To_Type,_From_Type>(std::false_type,const _From_Type &)' being compiled
          with
          [
              _To_Type=std::string,
              _From_Type=_From_adjusted
          ]
  .NETFramework,Version=v4.7.2.AssemblyAttributes.cpp
  Generating Code...
